<?xml version="1.0" encoding="UTF-8"?>
<!-- Generated by org.testng.reporters.JUnitReportReporter -->
<testsuite skipped="0" hostname="BDC4-L-1SL6QQ2" name="com.test.Demo1" tests="1" failures="0" timestamp="26 Nov 2018 05:46:36 GMT" time="0.011" errors="0">
  <testcase name="scenario1" time="0.011" classname="com.test.Demo1"/>
</testsuite> <!-- com.test.Demo1 -->
