<?xml version="1.0" encoding="UTF-8"?>
<!-- Generated by org.testng.reporters.JUnitReportReporter -->
<testsuite skipped="0" hostname="BDC4-L-1SL6QQ2" name="com.test.Demo2" tests="2" failures="0" timestamp="26 Nov 2018 05:53:27 GMT" time="0.010" errors="0">
  <testcase name="test1" time="0.003" classname="com.test.Demo2"/>
  <testcase name="f" time="0.007" classname="com.test.Demo2"/>
</testsuite> <!-- com.test.Demo2 -->
