<?xml version="1.0" encoding="UTF-8"?>
<!-- Generated by org.testng.reporters.JUnitReportReporter -->
<testsuite skipped="0" hostname="BDC4-L-1SL6QQ2" name="com.test.WindowsHandlingDemo1" tests="1" failures="0" timestamp="27 Nov 2018 06:56:19 GMT" time="14.085" errors="0">
  <testcase name="f" time="14.085" classname="com.test.WindowsHandlingDemo1"/>
</testsuite> <!-- com.test.WindowsHandlingDemo1 -->
