<?xml version="1.0" encoding="UTF-8"?>
<!-- Generated by org.testng.reporters.JUnitReportReporter -->
<testsuite skipped="0" hostname="BDC4-L-1SL6QQ2" name="com.test.WebDriver_Demo1" tests="1" failures="0" timestamp="26 Nov 2018 09:09:13 GMT" time="10.012" errors="0">
  <testcase name="f" time="10.012" classname="com.test.WebDriver_Demo1"/>
</testsuite> <!-- com.test.WebDriver_Demo1 -->
