<?xml version="1.0" encoding="UTF-8"?>
<!-- Generated by org.testng.reporters.JUnitReportReporter -->
<testsuite skipped="0" hostname="BDC4-L-1SL6QQ2" name="com.test.Demo10_Actions2" tests="1" failures="0" timestamp="26 Nov 2018 10:12:11 GMT" time="19.448" errors="0">
  <testcase name="f" time="19.448" classname="com.test.Demo10_Actions2"/>
</testsuite> <!-- com.test.Demo10_Actions2 -->
