<?xml version="1.0" encoding="UTF-8"?>
<!-- Generated by org.testng.reporters.JUnitReportReporter -->
<testsuite skipped="0" hostname="BDC4-L-1SL6QQ2" name="com.test.WebDriver_PopUP" tests="1" failures="0" timestamp="26 Nov 2018 11:07:41 GMT" time="11.495" errors="0">
  <testcase name="f" time="11.495" classname="com.test.WebDriver_PopUP"/>
</testsuite> <!-- com.test.WebDriver_PopUP -->
