<?xml version="1.0" encoding="UTF-8"?>
<!-- Generated by org.testng.reporters.JUnitReportReporter -->
<testsuite skipped="0" hostname="BDC4-L-1SL6QQ2" name="com.test.fileuploadingusingRobotClass" tests="1" failures="0" timestamp="27 Nov 2018 05:01:30 GMT" time="19.428" errors="0">
  <testcase name="f" time="19.428" classname="com.test.fileuploadingusingRobotClass"/>
</testsuite> <!-- com.test.fileuploadingusingRobotClass -->
