<?xml version="1.0" encoding="UTF-8"?>
<!-- Generated by org.testng.reporters.JUnitReportReporter -->
<testsuite skipped="0" hostname="BDC4-L-1SL6QQ2" name="com.test.WebDriver_Actions1" tests="1" failures="0" timestamp="26 Nov 2018 09:39:11 GMT" time="17.752" errors="0">
  <testcase name="Acttionsinselenium" time="17.752" classname="com.test.WebDriver_Actions1"/>
</testsuite> <!-- com.test.WebDriver_Actions1 -->
