<?xml version="1.0" encoding="UTF-8"?>
<!-- Generated by org.testng.reporters.JUnitReportReporter -->
<testsuite skipped="0" hostname="BDC4-L-1SL6QQ2" name="com.test.CookiesTestingDemo1" tests="1" failures="0" timestamp="27 Nov 2018 05:42:59 GMT" time="29.058" errors="0">
  <testcase name="f" time="29.058" classname="com.test.CookiesTestingDemo1"/>
</testsuite> <!-- com.test.CookiesTestingDemo1 -->
