<?xml version="1.0" encoding="UTF-8"?>
<!-- Generated by org.testng.reporters.JUnitReportReporter -->
<testsuite skipped="0" hostname="BDC4-L-1SL6QQ2" name="com.test.Cookies_Testing" tests="1" failures="0" timestamp="27 Nov 2018 05:11:33 GMT" time="8.912" errors="0">
  <testcase name="cookiestestingmethod" time="8.912" classname="com.test.Cookies_Testing"/>
</testsuite> <!-- com.test.Cookies_Testing -->
