<?xml version="1.0" encoding="UTF-8"?>
<!-- Generated by org.testng.reporters.JUnitReportReporter -->
<testsuite skipped="0" hostname="BDC4-L-1SL6QQ2" name="com.test.WebDriver_Action2" tests="1" failures="0" timestamp="26 Nov 2018 10:17:59 GMT" time="13.103" errors="0">
  <testcase name="f" time="13.103" classname="com.test.WebDriver_Action2"/>
</testsuite> <!-- com.test.WebDriver_Action2 -->
