<?xml version="1.0" encoding="UTF-8"?>
<!-- Generated by org.testng.reporters.JUnitReportReporter -->
<testsuite skipped="0" hostname="BDC4-L-1SL6QQ2" name="com.test.FileUploadingusingSendkeys" tests="1" failures="0" timestamp="27 Nov 2018 04:34:38 GMT" time="13.227" errors="0">
  <testcase name="f" time="13.227" classname="com.test.FileUploadingusingSendkeys"/>
</testsuite> <!-- com.test.FileUploadingusingSendkeys -->
