<?xml version="1.0" encoding="UTF-8"?>
<!-- Generated by org.testng.reporters.JUnitReportReporter -->
<testsuite skipped="0" hostname="BDC4-L-1SL6QQ2" name="com.test.NewTest" tests="1" failures="0" timestamp="26 Nov 2018 10:33:17 GMT" time="20.315" errors="0">
  <testcase name="f" time="20.315" classname="com.test.NewTest"/>
</testsuite> <!-- com.test.NewTest -->
